Loading required namespace: rlang
ℹ Loading metadata database
✔ Loading metadata database ... done

 
✔ All system requirements are already installed.
  
ℹ No downloads are needed
✔ 8 pkgs + 51 deps: kept 59 [6.9s]
Registered S3 methods overwritten by 'callr':
  method                    from
  format.callr_status_error     
  print.callr_status_error      

Attaching package: ‘dplyr’

The following objects are masked from ‘package:stats’:

    filter, lag

The following objects are masked from ‘package:base’:

    intersect, setdiff, setequal, union

Error in readRDS(con, refhook = refhook) : cannot open the connection
Calls: read_rds -> readRDS
In addition: Warning message:
In readRDS(con, refhook = refhook) :
  cannot open file '/home/jordi/Projects/R-lang/playground4jobs/input_data.rds': No such file or directory
Execution halted
